<?xml version="1.0" encoding="UTF-8"?>
<!-- Generated by org.testng.reporters.JUnitReportReporter -->
<testsuite hostname="DESKTOP-0QCH4M5" name="org.testing.testscripts.TC1" tests="1" failures="0" timestamp="27 May 2019 10:00:40 GMT" time="23.633" errors="0">
  <testcase name="signinTrending" time="23.633" classname="org.testing.testscripts.TC1"/>
</testsuite> <!-- org.testing.testscripts.TC1 -->
