<?xml version="1.0" encoding="UTF-8"?>
<!-- Generated by org.testng.reporters.JUnitReportReporter -->
<testsuite hostname="DESKTOP-0QCH4M5" name="org.testing.testscripts.TC4" tests="1" failures="0" timestamp="23 Apr 2019 06:39:13 GMT" time="30.163" errors="0">
  <testcase name="videoplaySubscribe" time="30.163" classname="org.testing.testscripts.TC4"/>
</testsuite> <!-- org.testing.testscripts.TC4 -->
