<?xml version="1.0" encoding="UTF-8"?>
<!-- Generated by org.testng.reporters.JUnitReportReporter -->
<testsuite hostname="DESKTOP-0QCH4M5" name="org.testing.testscripts.TC2" tests="1" failures="0" timestamp="23 Apr 2019 06:18:04 GMT" time="19.308" errors="0">
  <testcase name="signinSubscription" time="19.308" classname="org.testing.testscripts.TC2"/>
</testsuite> <!-- org.testing.testscripts.TC2 -->
